<?xml version="1.0" encoding="UTF-8"?>
<!-- Generated by org.testng.reporters.JUnitReportReporter -->
<testsuite skipped="0" hostname="DESKTOP-ONKN06B" name="TestNgProgram.f_s_s_testig" tests="6" failures="0" timestamp="2020-01-07T14:00:17 IST" time="0.013" errors="0">
  <testcase name="demo1" time="0.001" classname="TestNgProgram.f_s_s_testig"/>
  <testcase name="demo3" time="0.001" classname="TestNgProgram.f_s_s_testig"/>
  <testcase name="demo5" time="0.001" classname="TestNgProgram.f_s_s_testig"/>
  <testcase name="demo2" time="0.008" classname="TestNgProgram.f_s_s_testig"/>
  <testcase name="demo4" time="0.001" classname="TestNgProgram.f_s_s_testig"/>
  <testcase name="demo" time="0.001" classname="TestNgProgram.f_s_s_testig"/>
</testsuite> <!-- TestNgProgram.f_s_s_testig -->
