<?xml version="1.0" encoding="UTF-8"?>
<!-- Generated by org.testng.reporters.JUnitReportReporter -->
<testsuite skipped="0" hostname="DESKTOP-ONKN06B" name="TestNgProgram.Delivery_Time" tests="1" failures="0" timestamp="2020-01-04T23:44:51 IST" time="32.604" errors="0">
  <testcase name="pubi" time="32.604" classname="TestNgProgram.Delivery_Time"/>
</testsuite> <!-- TestNgProgram.Delivery_Time -->
