<?xml version="1.0" encoding="UTF-8"?>
<!-- Generated by org.testng.reporters.JUnitReportReporter -->
<testsuite skipped="0" hostname="DESKTOP-ONKN06B" name="TestNgProgram.DataProviderTestFb" tests="3" failures="0" timestamp="2020-01-09T08:46:38 IST" time="108.827" errors="0">
  <testcase name="createuser" time="35.334" classname="TestNgProgram.DataProviderTestFb"/>
  <testcase name="createuser" time="38.950" classname="TestNgProgram.DataProviderTestFb"/>
  <testcase name="createuser" time="34.543" classname="TestNgProgram.DataProviderTestFb"/>
</testsuite> <!-- TestNgProgram.DataProviderTestFb -->
