<?xml version="1.0" encoding="UTF-8"?>
<!-- Generated by org.testng.reporters.JUnitReportReporter -->
<testsuite skipped="0" hostname="DESKTOP-ONKN06B" name="TestNgProgram.DataProvider1" tests="3" failures="0" timestamp="2020-01-08T15:36:28 IST" time="0.010" errors="0">
  <testcase name="createuser" time="0.008" classname="TestNgProgram.DataProvider1"/>
  <testcase name="createuser" time="0.001" classname="TestNgProgram.DataProvider1"/>
  <testcase name="createuser" time="0.001" classname="TestNgProgram.DataProvider1"/>
</testsuite> <!-- TestNgProgram.DataProvider1 -->
