<?xml version="1.0" encoding="UTF-8"?>
<!-- Generated by org.testng.reporters.JUnitReportReporter -->
<testsuite skipped="0" hostname="DESKTOP-ONKN06B" name="org.qsp.testpom.Bluestone_scrolldown_test" tests="1" failures="0" timestamp="2020-01-07T01:36:06 IST" time="32.074" errors="0">
  <testcase name="p" time="32.074" classname="org.qsp.testpom.Bluestone_scrolldown_test"/>
</testsuite> <!-- org.qsp.testpom.Bluestone_scrolldown_test -->
