<?xml version="1.0" encoding="UTF-8"?>
<!-- Generated by org.testng.reporters.JUnitReportReporter -->
<testsuite skipped="0" hostname="DESKTOP-ONKN06B" name="TestNgProgram.Sequetial_test" tests="4" failures="0" timestamp="2020-01-07T14:14:29 IST" time="0.010" errors="0">
  <testcase name="demo" time="0.001" classname="TestNgProgram.Sequetial_test"/>
  <testcase name="demo1" time="0.007" classname="TestNgProgram.Sequetial_test"/>
  <testcase name="demo3" time="0.001" classname="TestNgProgram.Sequetial_test"/>
  <testcase name="demo2" time="0.001" classname="TestNgProgram.Sequetial_test"/>
</testsuite> <!-- TestNgProgram.Sequetial_test -->
