<?xml version="1.0" encoding="UTF-8"?>
<!-- Generated by org.testng.reporters.JUnitReportReporter -->
<testsuite skipped="0" hostname="DESKTOP-ONKN06B" name="org.qsp.testpom.Yatara_test" tests="1" failures="0" timestamp="2020-01-07T10:01:02 IST" time="33.656" errors="0">
  <testcase name="pu" time="33.656" classname="org.qsp.testpom.Yatara_test"/>
</testsuite> <!-- org.qsp.testpom.Yatara_test -->
