<?xml version="1.0" encoding="UTF-8"?>
<!-- Generated by org.testng.reporters.JUnitReportReporter -->
<testsuite skipped="0" hostname="DESKTOP-ONKN06B" name="TestNgDemo" tests="1" failures="0" timestamp="2020-01-03T15:07:51 IST" time="9.908" errors="0">
  <testcase name="demo" time="9.908" classname="TestNgDemo"/>
</testsuite> <!-- TestNgDemo -->
