<?xml version="1.0" encoding="UTF-8"?>
<!-- Generated by org.testng.reporters.JUnitReportReporter -->
<testsuite skipped="0" hostname="DESKTOP-ONKN06B" name="TestNgProgram.Google_search" tests="2" failures="0" timestamp="2020-01-08T08:44:00 IST" time="59.531" errors="0">
  <testcase name="demo" time="28.148" classname="TestNgProgram.Google_search"/>
  <testcase name="demo1" time="31.383" classname="TestNgProgram.Google_search"/>
</testsuite> <!-- TestNgProgram.Google_search -->
