<?xml version="1.0" encoding="UTF-8"?>
<!-- Generated by org.testng.reporters.JUnitReportReporter -->
<testsuite skipped="0" hostname="DESKTOP-ONKN06B" name="dataprovider.TestReadthadataxml" tests="2" failures="0" timestamp="2020-01-09T14:08:50 IST" time="0.006" errors="0">
  <testcase name="test" time="0.001" classname="dataprovider.TestReadthadataxml"/>
  <testcase name="test" time="0.005" classname="dataprovider.TestReadthadataxml"/>
</testsuite> <!-- dataprovider.TestReadthadataxml -->
