<?xml version="1.0" encoding="UTF-8"?>
<!-- Generated by org.testng.reporters.JUnitReportReporter -->
<testsuite skipped="0" hostname="DESKTOP-ONKN06B" name="TestNgProgram.Bluestone_rings_below_10000" tests="1" failures="0" timestamp="2020-01-06T19:22:32 IST" time="36.068" errors="0">
  <testcase name="pubi" time="36.068" classname="TestNgProgram.Bluestone_rings_below_10000"/>
</testsuite> <!-- TestNgProgram.Bluestone_rings_below_10000 -->
