<?xml version="1.0" encoding="UTF-8"?>
<!-- Generated by org.testng.reporters.JUnitReportReporter -->
<testsuite skipped="0" hostname="DESKTOP-ONKN06B" name="org.qsp.testpom.Bluestone_test" tests="1" failures="0" timestamp="2020-01-07T20:27:59 IST" time="43.612" errors="0">
  <testcase name="Blue" time="43.612" classname="org.qsp.testpom.Bluestone_test"/>
</testsuite> <!-- org.qsp.testpom.Bluestone_test -->
